"../../../Engine/Content/Functions/Engine_MaterialFunctions01/Shading/PowerToRoughness.uasset" 0
"../../../Engine/Content/Functions/Engine_MaterialFunctions01/Shading/PowerToRoughness.uexp" 1
"../../../Engine/Content/Functions/Engine_MaterialFunctions01/Shading/ConvertFromDiffSpec.uasset" 2
"../../../Engine/Content/Functions/Engine_MaterialFunctions01/Shading/ConvertFromDiffSpec.uexp" 3
"../../../Engine/Content/EngineSounds/Master.uasset" 4
"../../../Engine/Content/EngineSounds/Master.uexp" 5
"../../../Engine/Content/EngineSky/VolumetricClouds/CloudWeatherTexture.uasset" 6
"../../../Engine/Content/EngineSky/VolumetricClouds/CloudWeatherTexture.uexp" 7
"../../../Engine/Content/Functions/Engine_MaterialFunctions02/Utility/MakeFloat2.uasset" 8
"../../../Engine/Content/Functions/Engine_MaterialFunctions02/Utility/MakeFloat2.uexp" 9
"../../../Engine/Content/EngineSky/VolumetricClouds/CloudGradientTexture.uasset" 10
"../../../Engine/Content/EngineSky/VolumetricClouds/CloudGradientTexture.uexp" 11
"../../../Engine/Content/EngineSky/VolumetricClouds/T_NoiseShape64.ubulk" 12
"../../../Engine/Content/EngineSky/VolumetricClouds/T_NoiseShape64.uasset" 13
"../../../Engine/Content/EngineSky/VolumetricClouds/T_NoiseShape64.uexp" 14
"../../../Engine/Content/EngineSky/VolumetricClouds/T_VolumeNoiseShape64.uasset" 15
"../../../Engine/Content/EngineSky/VolumetricClouds/T_VolumeNoiseShape64.uexp" 16
"../../../Engine/Content/EngineSky/VolumetricClouds/T_NoiseErosion.ubulk" 17
"../../../Engine/Content/EngineSky/VolumetricClouds/T_NoiseErosion.uasset" 18
"../../../Engine/Content/EngineSky/VolumetricClouds/T_NoiseErosion.uexp" 19
"../../../Engine/Content/EngineSky/VolumetricClouds/T_VolumeNoiseErosion32.uasset" 20
"../../../Engine/Content/EngineSky/VolumetricClouds/T_VolumeNoiseErosion32.uexp" 21
"../../../Engine/Content/EngineSky/VolumetricClouds/m_SimpleVolumetricCloud.uasset" 22
"../../../Engine/Content/EngineSky/VolumetricClouds/m_SimpleVolumetricCloud.uexp" 23
"../../../Engine/Content/EngineSky/VolumetricClouds/m_SimpleVolumetricCloud_Inst.uasset" 24
"../../../Engine/Content/EngineSky/VolumetricClouds/m_SimpleVolumetricCloud_Inst.uexp" 25
"../../../Engine/Content/EngineResources/GradientTexture0.uasset" 26
"../../../Engine/Content/EngineResources/GradientTexture0.uexp" 27
"../../../Engine/Content/EngineResources/DefaultVolumeTexture2D.uasset" 28
"../../../Engine/Content/EngineResources/DefaultVolumeTexture2D.uexp" 29
"../../../Engine/Content/EngineResources/DefaultVolumeTexture.uasset" 30
"../../../Engine/Content/EngineResources/DefaultVolumeTexture.uexp" 31
"../../../Engine/Content/EngineResources/DefaultTextureCube.uasset" 32
"../../../Engine/Content/EngineResources/DefaultTextureCube.uexp" 33
"../../../Engine/Content/EngineResources/DefaultTexture.ubulk" 34
"../../../Engine/Content/EngineResources/DefaultTexture.uasset" 35
"../../../Engine/Content/EngineResources/DefaultTexture.uexp" 36
"../../../Engine/Content/EngineResources/Black.uasset" 37
"../../../Engine/Content/EngineResources/Black.uexp" 38
"../../../Engine/Content/EngineResources/FilmGrains/Marcie_Grain_v3_128_M2_000.uasset" 39
"../../../Engine/Content/EngineResources/FilmGrains/Marcie_Grain_v3_128_M2_000.uexp" 40
"../../../Engine/Content/EngineMeshes/Sphere.uasset" 41
"../../../Engine/Content/EngineMeshes/Sphere.uexp" 42
"../../../Engine/Content/EngineResources/WhiteSquareTexture.uasset" 43
"../../../Engine/Content/EngineResources/WhiteSquareTexture.uexp" 44
"../../../Engine/Content/EngineMaterials/Widget3DPassThrough.uasset" 45
"../../../Engine/Content/EngineMaterials/Widget3DPassThrough.uexp" 46
"../../../Engine/Content/EngineMaterials/Widget3DPassThrough_Translucent.uasset" 47
"../../../Engine/Content/EngineMaterials/Widget3DPassThrough_Translucent.uexp" 48
"../../../Engine/Content/EngineMaterials/Widget3DPassThrough_Translucent_OneSided.uasset" 49
"../../../Engine/Content/EngineMaterials/Widget3DPassThrough_Translucent_OneSided.uexp" 50
"../../../Engine/Content/EngineMaterials/Widget3DPassThrough_Opaque.uasset" 51
"../../../Engine/Content/EngineMaterials/Widget3DPassThrough_Opaque.uexp" 52
"../../../Engine/Content/EngineMaterials/Widget3DPassThrough_Opaque_OneSided.uasset" 53
"../../../Engine/Content/EngineMaterials/Widget3DPassThrough_Opaque_OneSided.uexp" 54
"../../../Engine/Content/EngineMaterials/Widget3DPassThrough_Masked_OneSided.uasset" 55
"../../../Engine/Content/EngineMaterials/Widget3DPassThrough_Masked_OneSided.uexp" 56
"../../../Engine/Content/EngineMaterials/Widget3DPassThrough_Masked.uasset" 57
"../../../Engine/Content/EngineMaterials/Widget3DPassThrough_Masked.uexp" 58
"../../../Engine/Content/EngineMaterials/WeightMapPlaceholderTexture.uasset" 59
"../../../Engine/Content/EngineMaterials/WeightMapPlaceholderTexture.uexp" 60
"../../../Engine/Content/EngineMaterials/RemoveSurfaceMaterial.uasset" 61
"../../../Engine/Content/EngineMaterials/RemoveSurfaceMaterial.uexp" 62
"../../../Engine/Content/EngineMaterials/PreintegratedSkinBRDF.uasset" 63
"../../../Engine/Content/EngineMaterials/PreintegratedSkinBRDF.uexp" 64
"../../../Engine/Content/EngineMaterials/DefaultCalibrationGrayscale.uasset" 65
"../../../Engine/Content/EngineMaterials/DefaultCalibrationGrayscale.uexp" 66
"../../../Engine/Content/EngineMaterials/PPM_DefaultCalibrationGrayscale.uasset" 67
"../../../Engine/Content/EngineMaterials/PPM_DefaultCalibrationGrayscale.uexp" 68
"../../../Engine/Content/EngineMaterials/DefaultCalibrationColor.uasset" 69
"../../../Engine/Content/EngineMaterials/DefaultCalibrationColor.uexp" 70
"../../../Engine/Content/EngineMaterials/PPM_DefaultCalibrationColor.uasset" 71
"../../../Engine/Content/EngineMaterials/PPM_DefaultCalibrationColor.uexp" 72
"../../../Engine/Content/Functions/Engine_MaterialFunctions02/WorldPositionOffset/CameraOffset.uasset" 73
"../../../Engine/Content/Functions/Engine_MaterialFunctions02/WorldPositionOffset/CameraOffset.uexp" 74
"../../../Engine/Content/EngineMaterials/PhAT_JointLimitMaterial.uasset" 75
"../../../Engine/Content/EngineMaterials/PhAT_JointLimitMaterial.uexp" 76
"../../../Engine/Content/EngineMaterials/InvalidLightmapSettings.ubulk" 77
"../../../Engine/Content/EngineMaterials/InvalidLightmapSettings.uasset" 78
"../../../Engine/Content/EngineMaterials/InvalidLightmapSettings.uexp" 79
"../../../Engine/Content/EngineMaterials/M_InvalidLightmapSettings.uasset" 80
"../../../Engine/Content/EngineMaterials/M_InvalidLightmapSettings.uexp" 81
"../../../Engine/Content/EngineMaterials/MiniFont.uasset" 82
"../../../Engine/Content/EngineMaterials/MiniFont.uexp" 83
"../../../Engine/Content/EngineMaterials/Good64x64TilingNoiseHighFreq.uasset" 84
"../../../Engine/Content/EngineMaterials/Good64x64TilingNoiseHighFreq.uexp" 85
"../../../Engine/Content/EngineMaterials/GizmoMaterial.uasset" 86
"../../../Engine/Content/EngineMaterials/GizmoMaterial.uexp" 87
"../../../Engine/Content/EngineMaterials/BaseFlattenEmissiveMap_VT.uasset" 88
"../../../Engine/Content/EngineMaterials/BaseFlattenEmissiveMap_VT.uexp" 89
"../../../Engine/Content/EngineMaterials/BaseFlattenGrayscaleMap_VT.uasset" 90
"../../../Engine/Content/EngineMaterials/BaseFlattenGrayscaleMap_VT.uexp" 91
"../../../Engine/Content/EngineMaterials/BaseFlattenLinearColor_VT.uasset" 92
"../../../Engine/Content/EngineMaterials/BaseFlattenLinearColor_VT.uexp" 93
"../../../Engine/Content/EngineMaterials/Black_1x1_EXR_Texture_VT.uasset" 94
"../../../Engine/Content/EngineMaterials/Black_1x1_EXR_Texture_VT.uexp" 95
"../../../Engine/Content/EngineMaterials/BaseFlattenDiffuseMap_VT.uasset" 96
"../../../Engine/Content/EngineMaterials/BaseFlattenDiffuseMap_VT.uexp" 97
"../../../Engine/Content/EngineMaterials/BaseFlattenNormalMap_VT.uasset" 98
"../../../Engine/Content/EngineMaterials/BaseFlattenNormalMap_VT.uexp" 99
"../../../Engine/Content/EngineMaterials/FlattenMaterial_WS_Normal_VT.uasset" 100
"../../../Engine/Content/EngineMaterials/FlattenMaterial_WS_Normal_VT.uexp" 101
"../../../Engine/Content/EngineMaterials/FlattenMaterial_VT.uasset" 102
"../../../Engine/Content/EngineMaterials/FlattenMaterial_VT.uexp" 103
"../../../Engine/Content/EngineMaterials/BaseFlattenNormalMap.uasset" 104
"../../../Engine/Content/EngineMaterials/BaseFlattenNormalMap.uexp" 105
"../../../Engine/Content/EngineMaterials/BaseFlattenGrayscaleMap.uasset" 106
"../../../Engine/Content/EngineMaterials/BaseFlattenGrayscaleMap.uexp" 107
"../../../Engine/Content/EngineMaterials/BaseFlattenDiffuseMap.uasset" 108
"../../../Engine/Content/EngineMaterials/BaseFlattenDiffuseMap.uexp" 109
"../../../Engine/Content/Functions/Engine_MaterialFunctions02/PivotPainter2/Black_1x1_EXR_Texture.uasset" 110
"../../../Engine/Content/Functions/Engine_MaterialFunctions02/PivotPainter2/Black_1x1_EXR_Texture.uexp" 111
"../../../Engine/Content/EngineMaterials/BaseFlattenEmissiveMap.uasset" 112
"../../../Engine/Content/EngineMaterials/BaseFlattenEmissiveMap.uexp" 113
"../../../Engine/Content/EngineMaterials/BaseFlattenLinearColor.uasset" 114
"../../../Engine/Content/EngineMaterials/BaseFlattenLinearColor.uexp" 115
"../../../Engine/Content/EngineMaterials/FlattenMaterial.uasset" 116
"../../../Engine/Content/EngineMaterials/FlattenMaterial.uexp" 117
"../../../Engine/Content/EngineMaterials/DefaultWhiteGrid_Low.uasset" 118
"../../../Engine/Content/EngineMaterials/DefaultWhiteGrid_Low.uexp" 119
"../../../Engine/Content/EngineMaterials/EmissiveMeshMaterial.uasset" 120
"../../../Engine/Content/EngineMaterials/EmissiveMeshMaterial.uexp" 121
"../../../Engine/Content/EngineMaterials/DefaultWhiteGrid.ubulk" 122
"../../../Engine/Content/EngineMaterials/DefaultWhiteGrid.uasset" 123
"../../../Engine/Content/EngineMaterials/DefaultWhiteGrid.uexp" 124
"../../../Engine/Content/EngineFonts/RobotoDistanceField.uasset" 125
"../../../Engine/Content/EngineFonts/RobotoDistanceField.uexp" 126
"../../../Engine/Content/EngineMaterials/DefaultTextMaterialOpaque.uasset" 127
"../../../Engine/Content/EngineMaterials/DefaultTextMaterialOpaque.uexp" 128
"../../../Engine/Content/EngineMaterials/DefaultDiffuse.ubulk" 129
"../../../Engine/Content/EngineMaterials/DefaultDiffuse.uasset" 130
"../../../Engine/Content/EngineMaterials/DefaultDiffuse.uexp" 131
"../../../Engine/Content/Functions/Engine_MaterialFunctions02/Utility/BreakOutFloat2Components.uasset" 132
"../../../Engine/Content/Functions/Engine_MaterialFunctions02/Utility/BreakOutFloat2Components.uexp" 133
"../../../Engine/Content/EngineMaterials/DefaultPostProcessMaterial.uasset" 134
"../../../Engine/Content/EngineMaterials/DefaultPostProcessMaterial.uexp" 135
"../../../Engine/Content/EngineMaterials/DefaultPhysicalMaterial.uasset" 136
"../../../Engine/Content/EngineMaterials/DefaultPhysicalMaterial.uexp" 137
"../../../Engine/Content/EngineMaterials/DefaultLightFunctionMaterial.uasset" 138
"../../../Engine/Content/EngineMaterials/DefaultLightFunctionMaterial.uexp" 139
"../../../Engine/Content/EngineMaterials/DefaultDestructiblePhysicalMaterial.uasset" 140
"../../../Engine/Content/EngineMaterials/DefaultDestructiblePhysicalMaterial.uexp" 141
"../../../Engine/Content/EngineMaterials/DefaultDeferredDecalMaterial.uasset" 142
"../../../Engine/Content/EngineMaterials/DefaultDeferredDecalMaterial.uexp" 143
"../../../Engine/Content/EngineMaterials/DefaultBokeh.uasset" 144
"../../../Engine/Content/EngineMaterials/DefaultBokeh.uexp" 145
"../../../Engine/Content/EngineMaterials/DefaultBloomKernel.uasset" 146
"../../../Engine/Content/EngineMaterials/DefaultBloomKernel.uexp" 147
"../../../Engine/Content/EngineMaterials/BlueNoise.uasset" 148
"../../../Engine/Content/EngineMaterials/BlueNoise.uexp" 149
"../../../Engine/Content/EngineFonts/Faces/RobotoLight.uexp" 150
"../../../Engine/Content/EngineFonts/Faces/RobotoLight.uasset" 151
"../../../Engine/Content/EngineFonts/Faces/RobotoLight.ufont" 152
"../../../Engine/Content/EngineFonts/Faces/RobotoBold.uexp" 153
"../../../Engine/Content/EngineFonts/Faces/RobotoBold.uasset" 154
"../../../Engine/Content/EngineFonts/Faces/RobotoBold.ufont" 155
"../../../Engine/Content/EngineFonts/Faces/RobotoRegular.uexp" 156
"../../../Engine/Content/EngineFonts/Faces/RobotoRegular.uasset" 157
"../../../Engine/Content/EngineFonts/Faces/RobotoRegular.ufont" 158
"../../../Engine/Content/EngineFonts/Faces/DroidSansFallback.uexp" 159
"../../../Engine/Content/EngineFonts/Faces/DroidSansFallback.uasset" 160
"../../../Engine/Content/EngineFonts/Faces/DroidSansFallback.ufont" 161
"../../../Engine/Content/EngineFonts/Faces/RobotoItalic.uexp" 162
"../../../Engine/Content/EngineFonts/Faces/RobotoItalic.uasset" 163
"../../../Engine/Content/EngineFonts/Faces/RobotoItalic.ufont" 164
"../../../Engine/Content/EngineFonts/Faces/RobotoBoldItalic.uexp" 165
"../../../Engine/Content/EngineFonts/Faces/RobotoBoldItalic.uasset" 166
"../../../Engine/Content/EngineFonts/Faces/RobotoBoldItalic.ufont" 167
"../../../Engine/Content/EngineFonts/Roboto.uasset" 168
"../../../Engine/Content/EngineFonts/Roboto.uexp" 169
"../../../Engine/Content/Functions/Engine_MaterialFunctions02/Utility/CameraDirectionVector.uasset" 170
"../../../Engine/Content/Functions/Engine_MaterialFunctions02/Utility/CameraDirectionVector.uexp" 171
"../../../Engine/Content/EngineDebugMaterials/VolumeToRender.uasset" 172
"../../../Engine/Content/EngineDebugMaterials/VolumeToRender.uexp" 173
"../../../Engine/Content/EngineDebugMaterials/M_VolumeRenderSphereTracePP.uasset" 174
"../../../Engine/Content/EngineDebugMaterials/M_VolumeRenderSphereTracePP.uexp" 175
"../../../Engine/Content/EngineDebugMaterials/M_SimpleUnlitTranslucent.uasset" 176
"../../../Engine/Content/EngineDebugMaterials/M_SimpleUnlitTranslucent.uexp" 177
"../../../Engine/Content/EngineDebugMaterials/DebugMeshMaterial.uasset" 178
"../../../Engine/Content/EngineDebugMaterials/DebugMeshMaterial.uexp" 179
"../../../Engine/Content/EngineDebugMaterials/DebugEditorMaterial.uasset" 180
"../../../Engine/Content/EngineDebugMaterials/DebugEditorMaterial.uexp" 181
"../../../Engine/Content/EngineDamageTypes/DmgTypeBP_Environmental.uasset" 182
"../../../Engine/Content/EngineDamageTypes/DmgTypeBP_Environmental.uexp" 183
"../../../Engine/Content/EditorResources/S_TriggerSphere.uasset" 184
"../../../Engine/Content/EditorResources/S_TriggerSphere.uexp" 185
"../../../Engine/Content/EditorResources/S_TriggerCapsule.uasset" 186
"../../../Engine/Content/EditorResources/S_TriggerCapsule.uexp" 187
"../../../Engine/Content/EditorResources/S_TriggerBox.uasset" 188
"../../../Engine/Content/EditorResources/S_TriggerBox.uexp" 189
"../../../Engine/Content/EditorResources/S_Trigger.ubulk" 190
"../../../Engine/Content/EditorResources/S_Trigger.uasset" 191
"../../../Engine/Content/EditorResources/S_Trigger.uexp" 192
"../../../Engine/Content/EditorResources/S_Terrain.ubulk" 193
"../../../Engine/Content/EditorResources/S_Terrain.uasset" 194
"../../../Engine/Content/EditorResources/S_Terrain.uexp" 195
"../../../Engine/Content/EditorResources/S_Solver.ubulk" 196
"../../../Engine/Content/EditorResources/S_Solver.uasset" 197
"../../../Engine/Content/EditorResources/S_Solver.uexp" 198
"../../../Engine/Content/EditorResources/S_BoxReflectionCapture.uasset" 199
"../../../Engine/Content/EditorResources/S_BoxReflectionCapture.uexp" 200
"../../../Engine/Content/EditorResources/S_Actor.ubulk" 201
"../../../Engine/Content/EditorResources/S_Actor.uasset" 202
"../../../Engine/Content/EditorResources/S_Actor.uexp" 203
"../../../Engine/Content/EditorResources/EmptyActor.uasset" 204
"../../../Engine/Content/EditorResources/EmptyActor.uexp" 205
"../../../Engine/Content/EditorResources/BSPVertex.uasset" 206
"../../../Engine/Content/EditorResources/BSPVertex.uexp" 207
"../../../Engine/Content/EditorResources/SequenceRecorder/RecordingIndicator.uasset" 208
"../../../Engine/Content/EditorResources/SequenceRecorder/RecordingIndicator.uexp" 209
"../../../Engine/Content/EditorResources/SequenceRecorder/Countdown.uasset" 210
"../../../Engine/Content/EditorResources/SequenceRecorder/Countdown.uexp" 211
"../../../Engine/Content/EditorResources/LightIcons/S_LightError.uasset" 212
"../../../Engine/Content/EditorResources/LightIcons/S_LightError.uexp" 213
"../../../Engine/Content/EditorMaterials/Camera/CineMat.uasset" 214
"../../../Engine/Content/EditorMaterials/Camera/CineMat.uexp" 215
"../../../Engine/Content/EditorMaterials/Camera/MI_CineMat_Rig.uasset" 216
"../../../Engine/Content/EditorMaterials/Camera/MI_CineMat_Rig.uexp" 217
"../../../Engine/Content/EditorMeshes/Camera/SM_RailRig_Track.uasset" 218
"../../../Engine/Content/EditorMeshes/Camera/SM_RailRig_Track.uexp" 219
"../../../Engine/Content/EditorMeshes/Camera/SM_RailRig_Mount.uasset" 220
"../../../Engine/Content/EditorMeshes/Camera/SM_RailRig_Mount.uexp" 221
"../../../Engine/Content/EditorMeshes/Camera/SM_CraneRig_Mount.uasset" 222
"../../../Engine/Content/EditorMeshes/Camera/SM_CraneRig_Mount.uexp" 223
"../../../Engine/Content/EditorMeshes/Camera/SM_CraneRig_Body.uasset" 224
"../../../Engine/Content/EditorMeshes/Camera/SM_CraneRig_Body.uexp" 225
"../../../Engine/Content/EditorMeshes/Camera/SM_CraneRig_Base.uasset" 226
"../../../Engine/Content/EditorMeshes/Camera/SM_CraneRig_Base.uexp" 227
"../../../Engine/Content/EditorMeshes/Camera/SM_CraneRig_Arm.uasset" 228
"../../../Engine/Content/EditorMeshes/Camera/SM_CraneRig_Arm.uexp" 229
"../../../Engine/Content/EditorMaterials/PreviewShadowIndicator.ubulk" 230
"../../../Engine/Content/EditorMaterials/PreviewShadowIndicator.uasset" 231
"../../../Engine/Content/EditorMaterials/PreviewShadowIndicator.uexp" 232
"../../../Engine/Content/EditorMaterials/PreviewShadowIndicatorMaterial.uasset" 233
"../../../Engine/Content/EditorMaterials/PreviewShadowIndicatorMaterial.uexp" 234
"../../../Engine/Content/EditorMaterials/MAT_Groups_Visibility.uasset" 235
"../../../Engine/Content/EditorMaterials/MAT_Groups_Visibility.uexp" 236
"../../../Engine/Content/EditorMaterials/MAT_Groups_Toggle.uasset" 237
"../../../Engine/Content/EditorMaterials/MAT_Groups_Toggle.uexp" 238
"../../../Engine/Content/Functions/Engine_MaterialFunctions02/Utility/MakeFloat4.uasset" 239
"../../../Engine/Content/Functions/Engine_MaterialFunctions02/Utility/MakeFloat4.uexp" 240
"../../../Engine/Content/Functions/Engine_MaterialFunctions02/Utility/MakeFloat3.uasset" 241
"../../../Engine/Content/Functions/Engine_MaterialFunctions02/Utility/MakeFloat3.uexp" 242
"../../../Engine/Content/Functions/Engine_MaterialFunctions02/Utility/BreakOutFloat3Components.uasset" 243
"../../../Engine/Content/Functions/Engine_MaterialFunctions02/Utility/BreakOutFloat3Components.uexp" 244
"../../../Engine/Content/EditorMaterials/WorldPartition/WorldPartitionSpatialHashGridPreviewMaterial.uasset" 245
"../../../Engine/Content/EditorMaterials/WorldPartition/WorldPartitionSpatialHashGridPreviewMaterial.uexp" 246
"../../../Engine/Content/EditorMaterials/ParticleSystems/PSysThumbnail_OOD.ubulk" 247
"../../../Engine/Content/EditorMaterials/ParticleSystems/PSysThumbnail_OOD.uasset" 248
"../../../Engine/Content/EditorMaterials/ParticleSystems/PSysThumbnail_OOD.uexp" 249
"../../../Engine/Content/EditorMaterials/ParticleSystems/PSysThumbnail_NoImage.ubulk" 250
"../../../Engine/Content/EditorMaterials/ParticleSystems/PSysThumbnail_NoImage.uasset" 251
"../../../Engine/Content/EditorMaterials/ParticleSystems/PSysThumbnail_NoImage.uexp" 252
"../../../Engine/Content/EditorMaterials/MatineeGroups/MAT_Groups_Vector.uasset" 253
"../../../Engine/Content/EditorMaterials/MatineeGroups/MAT_Groups_Vector.uexp" 254
"../../../Engine/Content/EditorMaterials/MatineeGroups/MAT_Groups_Sound.uasset" 255
"../../../Engine/Content/EditorMaterials/MatineeGroups/MAT_Groups_Sound.uexp" 256
"../../../Engine/Content/EditorMaterials/MatineeGroups/MAT_Groups_Slomo.uasset" 257
"../../../Engine/Content/EditorMaterials/MatineeGroups/MAT_Groups_Slomo.uexp" 258
"../../../Engine/Content/EditorMaterials/MatineeGroups/MAT_Groups_Move.uasset" 259
"../../../Engine/Content/EditorMaterials/MatineeGroups/MAT_Groups_Move.uexp" 260
"../../../Engine/Content/EditorMaterials/MatineeGroups/MAT_Groups_Float.uasset" 261
"../../../Engine/Content/EditorMaterials/MatineeGroups/MAT_Groups_Float.uexp" 262
"../../../Engine/Content/EditorMaterials/MatineeGroups/MAT_Groups_Fade.uasset" 263
"../../../Engine/Content/EditorMaterials/MatineeGroups/MAT_Groups_Fade.uexp" 264
"../../../Engine/Content/EditorMaterials/MatineeGroups/MAT_Groups_Event.uasset" 265
"../../../Engine/Content/EditorMaterials/MatineeGroups/MAT_Groups_Event.uexp" 266
"../../../Engine/Content/EditorMaterials/MatineeGroups/MAT_Groups_Director.uasset" 267
"../../../Engine/Content/EditorMaterials/MatineeGroups/MAT_Groups_Director.uexp" 268
"../../../Engine/Content/EditorMaterials/MatineeGroups/MAT_Groups_AudioMaster.uasset" 269
"../../../Engine/Content/EditorMaterials/MatineeGroups/MAT_Groups_AudioMaster.uexp" 270
"../../../Engine/Content/EditorMaterials/MatineeGroups/MAT_Groups_Anim.uasset" 271
"../../../Engine/Content/EditorMaterials/MatineeGroups/MAT_Groups_Anim.uexp" 272
"../../../Engine/Content/EditorMaterials/MatineeGroups/MAT_ColorTrack.uasset" 273
"../../../Engine/Content/EditorMaterials/MatineeGroups/MAT_ColorTrack.uexp" 274
"../../../Engine/Content/EditorLandscapeResources/DefaultAlphaTexture.uasset" 275
"../../../Engine/Content/EditorLandscapeResources/DefaultAlphaTexture.uexp" 276
"../../../Engine/Content/EditorLandscapeResources/DataLayer.uasset" 277
"../../../Engine/Content/EditorLandscapeResources/DataLayer.uexp" 278
"../../../Engine/Content/EngineMaterials/T_Default_Material_Grid_M.ubulk" 279
"../../../Engine/Content/EngineMaterials/T_Default_Material_Grid_M.uasset" 280
"../../../Engine/Content/EngineMaterials/T_Default_Material_Grid_M.uexp" 281
"../../../Engine/Content/EngineMaterials/T_Default_Material_Grid_N.ubulk" 282
"../../../Engine/Content/EngineMaterials/T_Default_Material_Grid_N.uasset" 283
"../../../Engine/Content/EngineMaterials/T_Default_Material_Grid_N.uexp" 284
"../../../Engine/Content/Functions/Engine_MaterialFunctions01/Opacity/CameraDepthFade.uasset" 285
"../../../Engine/Content/Functions/Engine_MaterialFunctions01/Opacity/CameraDepthFade.uexp" 286
"../../../Engine/Content/EngineMaterials/DefaultMaterial.uasset" 287
"../../../Engine/Content/EngineMaterials/DefaultMaterial.uexp" 288
"../../../Engine/Content/BasicShapes/Sphere.uasset" 289
"../../../Engine/Content/BasicShapes/Sphere.uexp" 290
"../../../Engine/Content/EngineMaterials/WorldGridMaterial.uasset" 291
"../../../Engine/Content/EngineMaterials/WorldGridMaterial.uexp" 292
"../../../Engine/Content/BasicShapes/Plane.uasset" 293
"../../../Engine/Content/BasicShapes/Plane.uexp" 294
"../../../Engine/Content/BasicShapes/Cylinder.uasset" 295
"../../../Engine/Content/BasicShapes/Cylinder.uexp" 296
"../../../Engine/Content/BasicShapes/Cone.uasset" 297
"../../../Engine/Content/BasicShapes/Cone.uexp" 298
"../../../Engine/Content/ArtTools/RenderToTexture/Meshes/S_1_Unit_Plane.uasset" 299
"../../../Engine/Content/ArtTools/RenderToTexture/Meshes/S_1_Unit_Plane.uexp" 300
"E:/Github/UE5_Games_UdemyCourse/ToonTanks/Content/Assets/Materials/M_EmissiveBase.uasset" 301
"E:/Github/UE5_Games_UdemyCourse/ToonTanks/Content/Assets/Materials/M_EmissiveBase.uexp" 302
"E:/Github/UE5_Games_UdemyCourse/ToonTanks/Content/Assets/Materials/M_EmissiveGreen_Inst.uasset" 303
"E:/Github/UE5_Games_UdemyCourse/ToonTanks/Content/Assets/Materials/M_EmissiveGreen_Inst.uexp" 304
"E:/Github/UE5_Games_UdemyCourse/ToonTanks/Content/Assets/Textures/T_ColourGrid.ubulk" 305
"E:/Github/UE5_Games_UdemyCourse/ToonTanks/Content/Assets/Textures/T_ColourGrid.uasset" 306
"E:/Github/UE5_Games_UdemyCourse/ToonTanks/Content/Assets/Textures/T_ColourGrid.uexp" 307
"E:/Github/UE5_Games_UdemyCourse/ToonTanks/Content/Assets/Materials/M_TextureBase.uasset" 308
"E:/Github/UE5_Games_UdemyCourse/ToonTanks/Content/Assets/Materials/M_TextureBase.uexp" 309
"E:/Github/UE5_Games_UdemyCourse/ToonTanks/Content/Assets/Materials/M_Texture_Inst.uasset" 310
"E:/Github/UE5_Games_UdemyCourse/ToonTanks/Content/Assets/Materials/M_Texture_Inst.uexp" 311
"E:/Github/UE5_Games_UdemyCourse/ToonTanks/Content/Assets/Meshes/SM_TankBase.uasset" 312
"E:/Github/UE5_Games_UdemyCourse/ToonTanks/Content/Assets/Meshes/SM_TankBase.uexp" 313
"E:/Github/UE5_Games_UdemyCourse/ToonTanks/Content/Assets/Meshes/SM_TankTurret.uasset" 314
"E:/Github/UE5_Games_UdemyCourse/ToonTanks/Content/Assets/Meshes/SM_TankTurret.uexp" 315
"E:/Github/UE5_Games_UdemyCourse/ToonTanks/Content/ComponentsActor.uasset" 316
"E:/Github/UE5_Games_UdemyCourse/ToonTanks/Content/ComponentsActor.uexp" 317
"E:/Github/UE5_Games_UdemyCourse/ToonTanks/Content/Blueprints/Widgets/WBP_StartGameWidget.uasset" 318
"E:/Github/UE5_Games_UdemyCourse/ToonTanks/Content/Blueprints/Widgets/WBP_StartGameWidget.uexp" 319
"E:/Github/UE5_Games_UdemyCourse/ToonTanks/Content/Blueprints/CameraShake/BP_HitCameraShake.uasset" 320
"E:/Github/UE5_Games_UdemyCourse/ToonTanks/Content/Blueprints/CameraShake/BP_HitCameraShake.uexp" 321
"E:/Github/UE5_Games_UdemyCourse/ToonTanks/Content/Assets/Materials/M_EmissiveRed_Inst.uasset" 322
"E:/Github/UE5_Games_UdemyCourse/ToonTanks/Content/Assets/Materials/M_EmissiveRed_Inst.uexp" 323
"E:/Github/UE5_Games_UdemyCourse/ToonTanks/Content/Assets/Meshes/SM_Projectile.uasset" 324
"E:/Github/UE5_Games_UdemyCourse/ToonTanks/Content/Assets/Meshes/SM_Projectile.uexp" 325
"E:/Github/UE5_Games_UdemyCourse/ToonTanks/Content/Assets/Materials/M_ParticleBase.uasset" 326
"E:/Github/UE5_Games_UdemyCourse/ToonTanks/Content/Assets/Materials/M_ParticleBase.uexp" 327
"E:/Github/UE5_Games_UdemyCourse/ToonTanks/Content/Assets/Materials/M_Particle_Inst.uasset" 328
"E:/Github/UE5_Games_UdemyCourse/ToonTanks/Content/Assets/Materials/M_Particle_Inst.uexp" 329
"E:/Github/UE5_Games_UdemyCourse/ToonTanks/Content/Assets/Meshes/SM_Sphere.uasset" 330
"E:/Github/UE5_Games_UdemyCourse/ToonTanks/Content/Assets/Meshes/SM_Sphere.uexp" 331
"E:/Github/UE5_Games_UdemyCourse/ToonTanks/Content/Assets/Effects/P_HitEffect.uasset" 332
"E:/Github/UE5_Games_UdemyCourse/ToonTanks/Content/Assets/Effects/P_HitEffect.uexp" 333
"E:/Github/UE5_Games_UdemyCourse/ToonTanks/Content/Blueprints/Actors/BP_Projectile.uasset" 334
"E:/Github/UE5_Games_UdemyCourse/ToonTanks/Content/Blueprints/Actors/BP_Projectile.uexp" 335
"E:/Github/UE5_Games_UdemyCourse/ToonTanks/Content/Blueprints/CameraShake/BP_DeathCameraShake.uasset" 336
"E:/Github/UE5_Games_UdemyCourse/ToonTanks/Content/Blueprints/CameraShake/BP_DeathCameraShake.uexp" 337
"E:/Github/UE5_Games_UdemyCourse/ToonTanks/Content/Blueprints/Pawns/BP_PawnTank.uasset" 338
"E:/Github/UE5_Games_UdemyCourse/ToonTanks/Content/Blueprints/Pawns/BP_PawnTank.uexp" 339
"E:/Github/UE5_Games_UdemyCourse/ToonTanks/Content/Blueprints/PlayerController/BP_ToonTanksPlayerController.uasset" 340
"E:/Github/UE5_Games_UdemyCourse/ToonTanks/Content/Blueprints/PlayerController/BP_ToonTanksPlayerController.uexp" 341
"E:/Github/UE5_Games_UdemyCourse/ToonTanks/Content/Blueprints/Widgets/WBP_EndGameWidget.uasset" 342
"E:/Github/UE5_Games_UdemyCourse/ToonTanks/Content/Blueprints/Widgets/WBP_EndGameWidget.uexp" 343
"E:/Github/UE5_Games_UdemyCourse/ToonTanks/Content/Blueprints/GameMode/BP_ToonTanksGameMode.uasset" 344
"E:/Github/UE5_Games_UdemyCourse/ToonTanks/Content/Blueprints/GameMode/BP_ToonTanksGameMode.uexp" 345
"E:/Github/UE5_Games_UdemyCourse/ToonTanks/Content/Assets/Effects/P_ProjectileTrail.uasset" 346
"E:/Github/UE5_Games_UdemyCourse/ToonTanks/Content/Assets/Effects/P_ProjectileTrail.uexp" 347
"E:/Github/UE5_Games_UdemyCourse/ToonTanks/Content/Assets/Effects/P_DeathEffect.uasset" 348
"E:/Github/UE5_Games_UdemyCourse/ToonTanks/Content/Assets/Effects/P_DeathEffect.uexp" 349
"E:/Github/UE5_Games_UdemyCourse/ToonTanks/Content/Assets/Audio/Thud_Audio.ubulk" 350
"E:/Github/UE5_Games_UdemyCourse/ToonTanks/Content/Assets/Audio/Thud_Audio.uasset" 351
"E:/Github/UE5_Games_UdemyCourse/ToonTanks/Content/Assets/Audio/Thud_Audio.uexp" 352
"E:/Github/UE5_Games_UdemyCourse/ToonTanks/Content/Assets/Audio/Explode_Audio.ubulk" 353
"E:/Github/UE5_Games_UdemyCourse/ToonTanks/Content/Assets/Audio/Explode_Audio.uasset" 354
"E:/Github/UE5_Games_UdemyCourse/ToonTanks/Content/Assets/Audio/Explode_Audio.uexp" 355
"../../../Engine/Content/MobileResources/HUD/VirtualJoystick_Background.uasset" 356
"../../../Engine/Content/MobileResources/HUD/VirtualJoystick_Background.uexp" 357
"../../../Engine/Content/MobileResources/HUD/VirtualJoystick_Thumb.uasset" 358
"../../../Engine/Content/MobileResources/HUD/VirtualJoystick_Thumb.uexp" 359
"../../../Engine/Content/MobileResources/HUD/DefaultVirtualJoysticks.uasset" 360
"../../../Engine/Content/MobileResources/HUD/DefaultVirtualJoysticks.uexp" 361
"../../../Engine/Content/Tutorial/ContentIntroCurve.uasset" 362
"../../../Engine/Content/Tutorial/ContentIntroCurve.uexp" 363
"../../../Engine/Content/VREditor/TransformGizmo/Main.uasset" 364
"../../../Engine/Content/VREditor/TransformGizmo/Main.uexp" 365
"../../../Engine/Content/VREditor/TransformGizmo/Xray.uasset" 366
"../../../Engine/Content/VREditor/TransformGizmo/Xray.uexp" 367
"../../../Engine/Content/VREditor/TransformGizmo/SM_Sequencer_Node.uasset" 368
"../../../Engine/Content/VREditor/TransformGizmo/SM_Sequencer_Node.uexp" 369
"../../../Engine/Content/VREditor/LaserPointer/VR_LaserPower_01.ubulk" 370
"../../../Engine/Content/VREditor/LaserPointer/VR_LaserPower_01.uasset" 371
"../../../Engine/Content/VREditor/LaserPointer/VR_LaserPower_01.uexp" 372
"../../../Engine/Content/VREditor/TransformGizmo/TransformGizmoMaterial.uasset" 373
"../../../Engine/Content/VREditor/TransformGizmo/TransformGizmoMaterial.uexp" 374
"../../../Engine/Content/VREditor/TransformGizmo/TranslucentTransformGizmoMaterial.uasset" 375
"../../../Engine/Content/VREditor/TransformGizmo/TranslucentTransformGizmoMaterial.uexp" 376
"../../../Engine/Content/VREditor/TransformGizmo/PlaneTranslationHandle.uasset" 377
"../../../Engine/Content/VREditor/TransformGizmo/PlaneTranslationHandle.uexp" 378
"../../../Engine/Content/VREditor/TransformGizmo/BoundingBoxEdge.uasset" 379
"../../../Engine/Content/VREditor/TransformGizmo/BoundingBoxEdge.uexp" 380
"../../../Engine/Content/VREditor/TransformGizmo/BoundingBoxCorner.uasset" 381
"../../../Engine/Content/VREditor/TransformGizmo/BoundingBoxCorner.uexp" 382
"../../../Engine/Plugins/2D/Paper2D/Content/PlaceholderTextures/DummySpriteTexture.ubulk" 383
"../../../Engine/Plugins/2D/Paper2D/Content/PlaceholderTextures/DummySpriteTexture.uasset" 384
"../../../Engine/Plugins/2D/Paper2D/Content/PlaceholderTextures/DummySpriteTexture.uexp" 385
"../../../Engine/Plugins/2D/Paper2D/Content/DefaultSpriteMaterial.uasset" 386
"../../../Engine/Plugins/2D/Paper2D/Content/DefaultSpriteMaterial.uexp" 387
"../../../Engine/Plugins/2D/Paper2D/Content/OpaqueUnlitSpriteMaterial.uasset" 388
"../../../Engine/Plugins/2D/Paper2D/Content/OpaqueUnlitSpriteMaterial.uexp" 389
"../../../Engine/Plugins/2D/Paper2D/Content/MaskedUnlitSpriteMaterial.uasset" 390
"../../../Engine/Plugins/2D/Paper2D/Content/MaskedUnlitSpriteMaterial.uexp" 391
"../../../Engine/Plugins/2D/Paper2D/Content/DummySprite.uasset" 392
"../../../Engine/Plugins/2D/Paper2D/Content/DummySprite.uexp" 393
"../../../Engine/Plugins/2D/Paper2D/Content/DefaultPaperTerrainMaterial.uasset" 394
"../../../Engine/Plugins/2D/Paper2D/Content/DefaultPaperTerrainMaterial.uexp" 395
"../../../Engine/Plugins/Animation/ControlRig/Content/M_Manip.uasset" 396
"../../../Engine/Plugins/Animation/ControlRig/Content/M_Manip.uexp" 397
"../../../Engine/Plugins/Animation/ControlRig/Content/Controls/DefaultGizmoLibraryNormalized.uasset" 398
"../../../Engine/Plugins/Animation/ControlRig/Content/Controls/DefaultGizmoLibraryNormalized.uexp" 399
"../../../Engine/Plugins/Animation/ControlRig/Content/Controls/ControlRig_Wedge_solid.uasset" 400
"../../../Engine/Plugins/Animation/ControlRig/Content/Controls/ControlRig_Wedge_solid.uexp" 401
"../../../Engine/Plugins/Animation/ControlRig/Content/Controls/ControlRig_Wedge_3mm.uasset" 402
"../../../Engine/Plugins/Animation/ControlRig/Content/Controls/ControlRig_Wedge_3mm.uexp" 403
"../../../Engine/Plugins/Animation/ControlRig/Content/Controls/ControlRig_Wedge_1mm.uasset" 404
"../../../Engine/Plugins/Animation/ControlRig/Content/Controls/ControlRig_Wedge_1mm.uexp" 405
"../../../Engine/Plugins/Animation/ControlRig/Content/Controls/ControlRig_Triangle_solid.uasset" 406
"../../../Engine/Plugins/Animation/ControlRig/Content/Controls/ControlRig_Triangle_solid.uexp" 407
"../../../Engine/Plugins/Animation/ControlRig/Content/Controls/ControlRig_Triangle_3mm.uasset" 408
"../../../Engine/Plugins/Animation/ControlRig/Content/Controls/ControlRig_Triangle_3mm.uexp" 409
"../../../Engine/Plugins/Animation/ControlRig/Content/Controls/ControlRig_Triangle_1mm.uasset" 410
"../../../Engine/Plugins/Animation/ControlRig/Content/Controls/ControlRig_Triangle_1mm.uexp" 411
"../../../Engine/Plugins/Animation/ControlRig/Content/Controls/ControlRig_Star4_solid.uasset" 412
"../../../Engine/Plugins/Animation/ControlRig/Content/Controls/ControlRig_Star4_solid.uexp" 413
"../../../Engine/Plugins/Animation/ControlRig/Content/Controls/ControlRig_Star4_3mm.uasset" 414
"../../../Engine/Plugins/Animation/ControlRig/Content/Controls/ControlRig_Star4_3mm.uexp" 415
"../../../Engine/Plugins/Animation/ControlRig/Content/Controls/ControlRig_Star4_1mm.uasset" 416
"../../../Engine/Plugins/Animation/ControlRig/Content/Controls/ControlRig_Star4_1mm.uexp" 417
"../../../Engine/Plugins/Animation/ControlRig/Content/Controls/ControlRig_Square_solid.uasset" 418
"../../../Engine/Plugins/Animation/ControlRig/Content/Controls/ControlRig_Square_solid.uexp" 419
"../../../Engine/Plugins/Animation/ControlRig/Content/Controls/ControlRig_Square_3mm.uasset" 420
"../../../Engine/Plugins/Animation/ControlRig/Content/Controls/ControlRig_Square_3mm.uexp" 421
"../../../Engine/Plugins/Animation/ControlRig/Content/Controls/ControlRig_Square_1mm.uasset" 422
"../../../Engine/Plugins/Animation/ControlRig/Content/Controls/ControlRig_Square_1mm.uexp" 423
"../../../Engine/Plugins/Animation/ControlRig/Content/Controls/ControlRig_Sphere_solid.uasset" 424
"../../../Engine/Plugins/Animation/ControlRig/Content/Controls/ControlRig_Sphere_solid.uexp" 425
"../../../Engine/Plugins/Animation/ControlRig/Content/Controls/ControlRig_Sphere_3mm.uasset" 426
"../../../Engine/Plugins/Animation/ControlRig/Content/Controls/ControlRig_Sphere_3mm.uexp" 427
"../../../Engine/Plugins/Animation/ControlRig/Content/Controls/ControlRig_Sphere_1mm.uasset" 428
"../../../Engine/Plugins/Animation/ControlRig/Content/Controls/ControlRig_Sphere_1mm.uexp" 429
"../../../Engine/Plugins/Animation/ControlRig/Content/Controls/ControlRig_RoundedTriangle_solid.uasset" 430
"../../../Engine/Plugins/Animation/ControlRig/Content/Controls/ControlRig_RoundedTriangle_solid.uexp" 431
"../../../Engine/Plugins/Animation/ControlRig/Content/Controls/ControlRig_RoundedTriangle_3mm.uasset" 432
"../../../Engine/Plugins/Animation/ControlRig/Content/Controls/ControlRig_RoundedTriangle_3mm.uexp" 433
"../../../Engine/Plugins/Animation/ControlRig/Content/Controls/ControlRig_RoundedTriangle_1mm.uasset" 434
"../../../Engine/Plugins/Animation/ControlRig/Content/Controls/ControlRig_RoundedTriangle_1mm.uexp" 435
"../../../Engine/Plugins/Animation/ControlRig/Content/Controls/ControlRig_RoundedSquare_solid.uasset" 436
"../../../Engine/Plugins/Animation/ControlRig/Content/Controls/ControlRig_RoundedSquare_solid.uexp" 437
"../../../Engine/Plugins/Animation/ControlRig/Content/Controls/ControlRig_RoundedSquare_3mm.uasset" 438
"../../../Engine/Plugins/Animation/ControlRig/Content/Controls/ControlRig_RoundedSquare_3mm.uexp" 439
"../../../Engine/Plugins/Animation/ControlRig/Content/Controls/ControlRig_RoundedSquare_1mm.uasset" 440
"../../../Engine/Plugins/Animation/ControlRig/Content/Controls/ControlRig_RoundedSquare_1mm.uexp" 441
"../../../Engine/Plugins/Animation/ControlRig/Content/Controls/ControlRig_QuarterCircle_solid.uasset" 442
"../../../Engine/Plugins/Animation/ControlRig/Content/Controls/ControlRig_QuarterCircle_solid.uexp" 443
"../../../Engine/Plugins/Animation/ControlRig/Content/Controls/ControlRig_QuarterCircle_3mm.uasset" 444
"../../../Engine/Plugins/Animation/ControlRig/Content/Controls/ControlRig_QuarterCircle_3mm.uexp" 445
"../../../Engine/Plugins/Animation/ControlRig/Content/Controls/ControlRig_QuarterCircle_1mm.uasset" 446
"../../../Engine/Plugins/Animation/ControlRig/Content/Controls/ControlRig_QuarterCircle_1mm.uexp" 447
"../../../Engine/Plugins/Animation/ControlRig/Content/Controls/ControlRig_Pyramid_solid.uasset" 448
"../../../Engine/Plugins/Animation/ControlRig/Content/Controls/ControlRig_Pyramid_solid.uexp" 449
"../../../Engine/Plugins/Animation/ControlRig/Content/Controls/ControlRig_Pyramid_3mm.uasset" 450
"../../../Engine/Plugins/Animation/ControlRig/Content/Controls/ControlRig_Pyramid_3mm.uexp" 451
"../../../Engine/Plugins/Animation/ControlRig/Content/Controls/ControlRig_Pyramid_1mm.uasset" 452
"../../../Engine/Plugins/Animation/ControlRig/Content/Controls/ControlRig_Pyramid_1mm.uexp" 453
"../../../Engine/Plugins/Animation/ControlRig/Content/Controls/ControlRig_Octagon_solid.uasset" 454
"../../../Engine/Plugins/Animation/ControlRig/Content/Controls/ControlRig_Octagon_solid.uexp" 455
"../../../Engine/Plugins/Animation/ControlRig/Content/Controls/ControlRig_Octagon_3mm.uasset" 456
"../../../Engine/Plugins/Animation/ControlRig/Content/Controls/ControlRig_Octagon_3mm.uexp" 457
"../../../Engine/Plugins/Animation/ControlRig/Content/Controls/ControlRig_Octagon_1mm.uasset" 458
"../../../Engine/Plugins/Animation/ControlRig/Content/Controls/ControlRig_Octagon_1mm.uexp" 459
"../../../Engine/Plugins/Animation/ControlRig/Content/Controls/ControlRig_Hexagon_solid.uasset" 460
"../../../Engine/Plugins/Animation/ControlRig/Content/Controls/ControlRig_Hexagon_solid.uexp" 461
"../../../Engine/Plugins/Animation/ControlRig/Content/Controls/ControlRig_Hexagon_3mm.uasset" 462
"../../../Engine/Plugins/Animation/ControlRig/Content/Controls/ControlRig_Hexagon_3mm.uexp" 463
"../../../Engine/Plugins/Animation/ControlRig/Content/Controls/ControlRig_Hexagon_1mm.uasset" 464
"../../../Engine/Plugins/Animation/ControlRig/Content/Controls/ControlRig_Hexagon_1mm.uexp" 465
"../../../Engine/Plugins/Animation/ControlRig/Content/Controls/ControlRig_HalfCircle_solid.uasset" 466
"../../../Engine/Plugins/Animation/ControlRig/Content/Controls/ControlRig_HalfCircle_solid.uexp" 467
"../../../Engine/Plugins/Animation/ControlRig/Content/Controls/ControlRig_HalfCircle_3mm.uasset" 468
"../../../Engine/Plugins/Animation/ControlRig/Content/Controls/ControlRig_HalfCircle_3mm.uexp" 469
"../../../Engine/Plugins/Animation/ControlRig/Content/Controls/ControlRig_HalfCircle_1mm.uasset" 470
"../../../Engine/Plugins/Animation/ControlRig/Content/Controls/ControlRig_HalfCircle_1mm.uexp" 471
"../../../Engine/Plugins/Animation/ControlRig/Content/Controls/ControlRig_Diamond_solid.uasset" 472
"../../../Engine/Plugins/Animation/ControlRig/Content/Controls/ControlRig_Diamond_solid.uexp" 473
"../../../Engine/Plugins/Animation/ControlRig/Content/Controls/ControlRig_Diamond_3mm.uasset" 474
"../../../Engine/Plugins/Animation/ControlRig/Content/Controls/ControlRig_Diamond_3mm.uexp" 475
"../../../Engine/Plugins/Animation/ControlRig/Content/Controls/ControlRig_Diamond_1mm.uasset" 476
"../../../Engine/Plugins/Animation/ControlRig/Content/Controls/ControlRig_Diamond_1mm.uexp" 477
"../../../Engine/Plugins/Animation/ControlRig/Content/Controls/ControlRig_Circle_solid.uasset" 478
"../../../Engine/Plugins/Animation/ControlRig/Content/Controls/ControlRig_Circle_solid.uexp" 479
"../../../Engine/Plugins/Animation/ControlRig/Content/Controls/ControlRig_Circle_3mm.uasset" 480
"../../../Engine/Plugins/Animation/ControlRig/Content/Controls/ControlRig_Circle_3mm.uexp" 481
"../../../Engine/Plugins/Animation/ControlRig/Content/Controls/ControlRig_Circle_1mm.uasset" 482
"../../../Engine/Plugins/Animation/ControlRig/Content/Controls/ControlRig_Circle_1mm.uexp" 483
"../../../Engine/Plugins/Animation/ControlRig/Content/Controls/ControlRig_Box_solid.uasset" 484
"../../../Engine/Plugins/Animation/ControlRig/Content/Controls/ControlRig_Box_solid.uexp" 485
"../../../Engine/Plugins/Animation/ControlRig/Content/Controls/ControlRig_Box_3mm.uasset" 486
"../../../Engine/Plugins/Animation/ControlRig/Content/Controls/ControlRig_Box_3mm.uexp" 487
"../../../Engine/Plugins/Animation/ControlRig/Content/Controls/ControlRig_Box_1mm.uasset" 488
"../../../Engine/Plugins/Animation/ControlRig/Content/Controls/ControlRig_Box_1mm.uexp" 489
"../../../Engine/Plugins/Animation/ControlRig/Content/Controls/ControlRig_Arrow_solid.uasset" 490
"../../../Engine/Plugins/Animation/ControlRig/Content/Controls/ControlRig_Arrow_solid.uexp" 491
"../../../Engine/Plugins/Animation/ControlRig/Content/Controls/ControlRig_Arrow_3mm.uasset" 492
"../../../Engine/Plugins/Animation/ControlRig/Content/Controls/ControlRig_Arrow_3mm.uexp" 493
"../../../Engine/Plugins/Animation/ControlRig/Content/Controls/ControlRig_Arrow_1mm.uasset" 494
"../../../Engine/Plugins/Animation/ControlRig/Content/Controls/ControlRig_Arrow_1mm.uexp" 495
"../../../Engine/Plugins/Animation/ControlRig/Content/Controls/ControlRig_Arrow4_solid.uasset" 496
"../../../Engine/Plugins/Animation/ControlRig/Content/Controls/ControlRig_Arrow4_solid.uexp" 497
"../../../Engine/Plugins/Animation/ControlRig/Content/Controls/ControlRig_Arrow4_3mm.uasset" 498
"../../../Engine/Plugins/Animation/ControlRig/Content/Controls/ControlRig_Arrow4_3mm.uexp" 499
"../../../Engine/Plugins/Animation/ControlRig/Content/Controls/ControlRig_Arrow4_1mm.uasset" 500
"../../../Engine/Plugins/Animation/ControlRig/Content/Controls/ControlRig_Arrow4_1mm.uexp" 501
"../../../Engine/Plugins/Animation/ControlRig/Content/Controls/ControlRig_Arrow2_solid.uasset" 502
"../../../Engine/Plugins/Animation/ControlRig/Content/Controls/ControlRig_Arrow2_solid.uexp" 503
"../../../Engine/Plugins/Animation/ControlRig/Content/Controls/ControlRig_Arrow2_3mm.uasset" 504
"../../../Engine/Plugins/Animation/ControlRig/Content/Controls/ControlRig_Arrow2_3mm.uexp" 505
"../../../Engine/Plugins/Animation/ControlRig/Content/Controls/ControlRig_Arrow2_1mm.uasset" 506
"../../../Engine/Plugins/Animation/ControlRig/Content/Controls/ControlRig_Arrow2_1mm.uexp" 507
"../../../Engine/Plugins/Animation/ControlRig/Content/Controls/ControlRigGizmoMaterial.uasset" 508
"../../../Engine/Plugins/Animation/ControlRig/Content/Controls/ControlRigGizmoMaterial.uexp" 509
"../../../Engine/Plugins/Editor/SpeedTreeImporter/Content/SpeedTree9/game_wind_noise.ubulk" 510
"../../../Engine/Plugins/Editor/SpeedTreeImporter/Content/SpeedTree9/game_wind_noise.uasset" 511
"../../../Engine/Plugins/Editor/SpeedTreeImporter/Content/SpeedTree9/game_wind_noise.uexp" 512
"../../../Engine/Plugins/Editor/SpeedTreeImporter/Content/SpeedTree9/UnpackDirection.uasset" 513
"../../../Engine/Plugins/Editor/SpeedTreeImporter/Content/SpeedTree9/UnpackDirection.uexp" 514
"../../../Engine/Content/Functions/Engine_MaterialFunctions02/ObjectLocalBounds.uasset" 515
"../../../Engine/Content/Functions/Engine_MaterialFunctions02/ObjectLocalBounds.uexp" 516
"../../../Engine/Content/Functions/Engine_MaterialFunctions02/UVs/BoundingBoxBased_0-1_UVW.uasset" 517
"../../../Engine/Content/Functions/Engine_MaterialFunctions02/UVs/BoundingBoxBased_0-1_UVW.uexp" 518
"../../../Engine/Content/Functions/Engine_MaterialFunctions02/Utility/VectorLength.uasset" 519
"../../../Engine/Content/Functions/Engine_MaterialFunctions02/Utility/VectorLength.uexp" 520
"../../../Engine/Plugins/Editor/SpeedTreeImporter/Content/SpeedTree9/UnpackInteger3.uasset" 521
"../../../Engine/Plugins/Editor/SpeedTreeImporter/Content/SpeedTree9/UnpackInteger3.uexp" 522
"../../../Engine/Plugins/Editor/SpeedTreeImporter/Content/SpeedTree9/SpeedTreeCameraFacing.uasset" 523
"../../../Engine/Plugins/Editor/SpeedTreeImporter/Content/SpeedTree9/SpeedTreeCameraFacing.uexp" 524
"../../../Engine/Content/Functions/Engine_MaterialFunctions02/WorldPositionOffset/ObjectScale.uasset" 525
"../../../Engine/Content/Functions/Engine_MaterialFunctions02/WorldPositionOffset/ObjectScale.uexp" 526
"../../../Engine/Content/Functions/Engine_MaterialFunctions02/SafeNormalize.uasset" 527
"../../../Engine/Content/Functions/Engine_MaterialFunctions02/SafeNormalize.uexp" 528
"../../../Engine/Plugins/Editor/SpeedTreeImporter/Content/SpeedTree9/SpeedTreeWindMotion.uasset" 529
"../../../Engine/Plugins/Editor/SpeedTreeImporter/Content/SpeedTree9/SpeedTreeWindMotion.uexp" 530
"../../../Engine/Plugins/Editor/SpeedTreeImporter/Content/SpeedTree9/SpeedTreeBranchMotion.uasset" 531
"../../../Engine/Plugins/Editor/SpeedTreeImporter/Content/SpeedTree9/SpeedTreeBranchMotion.uexp" 532
"../../../Engine/Plugins/Editor/SpeedTreeImporter/Content/SpeedTree9/SpeedTreeWind.uasset" 533
"../../../Engine/Plugins/Editor/SpeedTreeImporter/Content/SpeedTree9/SpeedTreeWind.uexp" 534
"../../../Engine/Plugins/Editor/SpeedTreeImporter/Content/SpeedTree9/EmptyNormal.uasset" 535
"../../../Engine/Plugins/Editor/SpeedTreeImporter/Content/SpeedTree9/EmptyNormal.uexp" 536
"../../../Engine/Plugins/Editor/SpeedTreeImporter/Content/SpeedTree9/Empty.uasset" 537
"../../../Engine/Plugins/Editor/SpeedTreeImporter/Content/SpeedTree9/Empty.uexp" 538
"../../../Engine/Plugins/Editor/SpeedTreeImporter/Content/SpeedTree9/SpeedTreeMaster.uasset" 539
"../../../Engine/Plugins/Editor/SpeedTreeImporter/Content/SpeedTree9/SpeedTreeMaster.uexp" 540
"../../../Engine/Plugins/Editor/SpeedTreeImporter/Content/SpeedTree9/SpeedTreeBillboard.uasset" 541
"../../../Engine/Plugins/Editor/SpeedTreeImporter/Content/SpeedTree9/SpeedTreeBillboard.uexp" 542
"../../../Engine/Plugins/Editor/SpeedTreeImporter/Content/SpeedTree9/SpeedTreeBillboardMaster.uasset" 543
"../../../Engine/Plugins/Editor/SpeedTreeImporter/Content/SpeedTree9/SpeedTreeBillboardMaster.uexp" 544
"../../../Engine/Plugins/Runtime/HairStrands/Content/Materials/HairMeshesDefaultMaterial.uasset" 545
"../../../Engine/Plugins/Runtime/HairStrands/Content/Materials/HairMeshesDefaultMaterial.uexp" 546
"../../../Engine/Plugins/Runtime/HairStrands/Content/Materials/HairDefaultMaterial.uasset" 547
"../../../Engine/Plugins/Runtime/HairStrands/Content/Materials/HairDefaultMaterial.uexp" 548
"../../../Engine/Plugins/Runtime/HairStrands/Content/Materials/HairGroupColors.uasset" 549
"../../../Engine/Plugins/Runtime/HairStrands/Content/Materials/HairGroupColors.uexp" 550
"../../../Engine/Content/EngineMaterials/HairColorMap.uasset" 551
"../../../Engine/Content/EngineMaterials/HairColorMap.uexp" 552
"../../../Engine/Content/EngineMaterials/HairDebugColor.uasset" 553
"../../../Engine/Content/EngineMaterials/HairDebugColor.uexp" 554
"../../../Engine/Plugins/Runtime/HairStrands/Content/Materials/HairDebugMaterial.uasset" 555
"../../../Engine/Plugins/Runtime/HairStrands/Content/Materials/HairDebugMaterial.uexp" 556
"../../../Engine/Plugins/Runtime/HairStrands/Content/Materials/HairCardsDefaultMaterial.uasset" 557
"../../../Engine/Plugins/Runtime/HairStrands/Content/Materials/HairCardsDefaultMaterial.uexp" 558
"E:/Github/UE5_Games_UdemyCourse/ToonTanks/Content/Maps/Main_BuiltData.ubulk" 559
"E:/Github/UE5_Games_UdemyCourse/ToonTanks/Content/Maps/Main_BuiltData.uasset" 560
"E:/Github/UE5_Games_UdemyCourse/ToonTanks/Content/Maps/Main_BuiltData.uexp" 561
"E:/Github/UE5_Games_UdemyCourse/ToonTanks/Content/Assets/Meshes/SM_TowerTurret.uasset" 562
"E:/Github/UE5_Games_UdemyCourse/ToonTanks/Content/Assets/Meshes/SM_TowerTurret.uexp" 563
"E:/Github/UE5_Games_UdemyCourse/ToonTanks/Content/Assets/Meshes/SM_TowerBase.uasset" 564
"E:/Github/UE5_Games_UdemyCourse/ToonTanks/Content/Assets/Meshes/SM_TowerBase.uexp" 565
"E:/Github/UE5_Games_UdemyCourse/ToonTanks/Content/Blueprints/Pawns/BP_PawnTurret.uasset" 566
"E:/Github/UE5_Games_UdemyCourse/ToonTanks/Content/Blueprints/Pawns/BP_PawnTurret.uexp" 567
"../../../Engine/Content/EngineSky/C_Sky_Horizon_Color.uasset" 568
"../../../Engine/Content/EngineSky/C_Sky_Horizon_Color.uexp" 569
"../../../Engine/Content/EngineSky/T_Sky_Stars.ubulk" 570
"../../../Engine/Content/EngineSky/T_Sky_Stars.uasset" 571
"../../../Engine/Content/EngineSky/T_Sky_Stars.uexp" 572
"../../../Engine/Content/EngineSky/T_Sky_Clouds_M.ubulk" 573
"../../../Engine/Content/EngineSky/T_Sky_Clouds_M.uasset" 574
"../../../Engine/Content/EngineSky/T_Sky_Clouds_M.uexp" 575
"../../../Engine/Content/EngineSky/T_Sky_Blue.ubulk" 576
"../../../Engine/Content/EngineSky/T_Sky_Blue.uasset" 577
"../../../Engine/Content/EngineSky/T_Sky_Blue.uexp" 578
"../../../Engine/Content/EngineSky/M_Sky_Panning_Clouds2.uasset" 579
"../../../Engine/Content/EngineSky/M_Sky_Panning_Clouds2.uexp" 580
"../../../Engine/Content/EngineSky/SM_SkySphere.uasset" 581
"../../../Engine/Content/EngineSky/SM_SkySphere.uexp" 582
"../../../Engine/Content/EngineSky/C_Sky_Cloud_Color.uasset" 583
"../../../Engine/Content/EngineSky/C_Sky_Cloud_Color.uexp" 584
"../../../Engine/Content/EngineSky/C_Sky_Zenith_Color.uasset" 585
"../../../Engine/Content/EngineSky/C_Sky_Zenith_Color.uexp" 586
"../../../Engine/Content/EditorBlueprintResources/StandardMacros.uasset" 587
"../../../Engine/Content/EditorBlueprintResources/StandardMacros.uexp" 588
"../../../Engine/Content/EngineSky/BP_Sky_Sphere.uasset" 589
"../../../Engine/Content/EngineSky/BP_Sky_Sphere.uexp" 590
"../../../Engine/Content/BasicShapes/Cube.uasset" 591
"../../../Engine/Content/BasicShapes/Cube.uexp" 592
"../../../Engine/Content/MapTemplates/SM_Template_Map_Floor.uasset" 593
"../../../Engine/Content/MapTemplates/SM_Template_Map_Floor.uexp" 594
"E:/Github/UE5_Games_UdemyCourse/ToonTanks/Content/Assets/Textures/T_BasicGrid_M.ubulk" 595
"E:/Github/UE5_Games_UdemyCourse/ToonTanks/Content/Assets/Textures/T_BasicGrid_M.uasset" 596
"E:/Github/UE5_Games_UdemyCourse/ToonTanks/Content/Assets/Textures/T_BasicGrid_M.uexp" 597
"E:/Github/UE5_Games_UdemyCourse/ToonTanks/Content/Assets/Materials/Functions/Basic/MakeSet.uasset" 598
"E:/Github/UE5_Games_UdemyCourse/ToonTanks/Content/Assets/Materials/Functions/Basic/MakeSet.uexp" 599
"E:/Github/UE5_Games_UdemyCourse/ToonTanks/Content/Assets/Materials/Functions/Basic/BreakSet.uasset" 600
"E:/Github/UE5_Games_UdemyCourse/ToonTanks/Content/Assets/Materials/Functions/Basic/BreakSet.uexp" 601
"E:/Github/UE5_Games_UdemyCourse/ToonTanks/Content/Assets/Materials/Functions/Texture/Tex_SimpleGrid.uasset" 602
"E:/Github/UE5_Games_UdemyCourse/ToonTanks/Content/Assets/Materials/Functions/Texture/Tex_SimpleGrid.uexp" 603
"../../../Engine/Content/Functions/Engine_MaterialFunctions02/Utility/Sign.uasset" 604
"../../../Engine/Content/Functions/Engine_MaterialFunctions02/Utility/Sign.uexp" 605
"E:/Github/UE5_Games_UdemyCourse/ToonTanks/Content/Assets/Textures/T_BasicGrid_N.ubulk" 606
"E:/Github/UE5_Games_UdemyCourse/ToonTanks/Content/Assets/Textures/T_BasicGrid_N.uasset" 607
"E:/Github/UE5_Games_UdemyCourse/ToonTanks/Content/Assets/Textures/T_BasicGrid_N.uexp" 608
"../../../Engine/Content/Functions/Engine_MaterialFunctions02/Utility/Round.uasset" 609
"../../../Engine/Content/Functions/Engine_MaterialFunctions02/Utility/Round.uexp" 610
"E:/Github/UE5_Games_UdemyCourse/ToonTanks/Content/Assets/Materials/Functions/Texture/Dye_SingleColor.uasset" 611
"E:/Github/UE5_Games_UdemyCourse/ToonTanks/Content/Assets/Materials/Functions/Texture/Dye_SingleColor.uexp" 612
"E:/Github/UE5_Games_UdemyCourse/ToonTanks/Content/Assets/Materials/Functions/UV/UV_SetupGrid.uasset" 613
"E:/Github/UE5_Games_UdemyCourse/ToonTanks/Content/Assets/Materials/Functions/UV/UV_SetupGrid.uexp" 614
"E:/Github/UE5_Games_UdemyCourse/ToonTanks/Content/Assets/Materials/Functions/UV/UV_ObjectScalable.uasset" 615
"E:/Github/UE5_Games_UdemyCourse/ToonTanks/Content/Assets/Materials/Functions/UV/UV_ObjectScalable.uexp" 616
"E:/Github/UE5_Games_UdemyCourse/ToonTanks/Content/Assets/Materials/Base/M_GridBase.uasset" 617
"E:/Github/UE5_Games_UdemyCourse/ToonTanks/Content/Assets/Materials/Base/M_GridBase.uexp" 618
"E:/Github/UE5_Games_UdemyCourse/ToonTanks/Content/Assets/Materials/Base/M_Grid_Inst.uasset" 619
"E:/Github/UE5_Games_UdemyCourse/ToonTanks/Content/Assets/Materials/Base/M_Grid_Inst.uexp" 620
"E:/Github/UE5_Games_UdemyCourse/ToonTanks/Content/Maps/Main.uexp" 621
"E:/Github/UE5_Games_UdemyCourse/ToonTanks/Content/Maps/Main.umap" 622
"../../../Engine/Content/Maps/Entry_BuiltData.uasset" 623
"../../../Engine/Content/Maps/Entry_BuiltData.uexp" 624
"../../../Engine/Content/Maps/Entry.uexp" 625
"../../../Engine/Content/Maps/Entry.umap" 626
